# ******************************************************
# PLUTO 4.2 Grid File
# Generated on  Tue Nov 21 15:56:46 2017
# 
# DIMENSIONS: 2
# GEOMETRY:   SPHERICAL
# X1: [ 1.000000,  10.000000], 300 point(s), 2 ghosts
# X2: [ 0.000000,  3.141593], 20 point(s), 2 ghosts
# ******************************************************
300 
 1   1.000000000000e+00    1.000260000000e+00
 2   1.000260000000e+00    1.000525833200e+00
 3   1.000525833200e+00    1.000797630471e+00
 4   1.000797630471e+00    1.001075525619e+00
 5   1.001075525619e+00    1.001359655452e+00
 6   1.001359655452e+00    1.001650159847e+00
 7   1.001650159847e+00    1.001947181821e+00
 8   1.001947181821e+00    1.002250867597e+00
 9   1.002250867597e+00    1.002561366681e+00
 10   1.002561366681e+00    1.002878831931e+00
 11   1.002878831931e+00    1.003203419638e+00
 12   1.003203419638e+00    1.003535289595e+00
 13   1.003535289595e+00    1.003874605182e+00
 14   1.003874605182e+00    1.004221533446e+00
 15   1.004221533446e+00    1.004576245179e+00
 16   1.004576245179e+00    1.004938915008e+00
 17   1.004938915008e+00    1.005309721473e+00
 18   1.005309721473e+00    1.005688847126e+00
 19   1.005688847126e+00    1.006076478608e+00
 20   1.006076478608e+00    1.006472806753e+00
 21   1.006472806753e+00    1.006878026672e+00
 22   1.006878026672e+00    1.007292337857e+00
 23   1.007292337857e+00    1.007715944274e+00
 24   1.007715944274e+00    1.008149054464e+00
 25   1.008149054464e+00    1.008591881648e+00
 26   1.008591881648e+00    1.009044643832e+00
 27   1.009044643832e+00    1.009507563909e+00
 28   1.009507563909e+00    1.009980869778e+00
 29   1.009980869778e+00    1.010464794447e+00
 30   1.010464794447e+00    1.010959576152e+00
 31   1.010959576152e+00    1.011465458476e+00
 32   1.011465458476e+00    1.011982690465e+00
 33   1.011982690465e+00    1.012511526754e+00
 34   1.012511526754e+00    1.013052227690e+00
 35   1.013052227690e+00    1.013605059459e+00
 36   1.013605059459e+00    1.014170294223e+00
 37   1.014170294223e+00    1.014748210247e+00
 38   1.014748210247e+00    1.015339092040e+00
 39   1.015339092040e+00    1.015943230495e+00
 40   1.015943230495e+00    1.016560923029e+00
 41   1.016560923029e+00    1.017192473734e+00
 42   1.017192473734e+00    1.017838193523e+00
 43   1.017838193523e+00    1.018498400284e+00
 44   1.018498400284e+00    1.019173419040e+00
 45   1.019173419040e+00    1.019863582102e+00
 46   1.019863582102e+00    1.020569229238e+00
 47   1.020569229238e+00    1.021290707841e+00
 48   1.021290707841e+00    1.022028373095e+00
 49   1.022028373095e+00    1.022782588154e+00
 50   1.022782588154e+00    1.023553724318e+00
 51   1.023553724318e+00    1.024342161221e+00
 52   1.024342161221e+00    1.025148287010e+00
 53   1.025148287010e+00    1.025972498543e+00
 54   1.025972498543e+00    1.026815201579e+00
 55   1.026815201579e+00    1.027676810984e+00
 56   1.027676810984e+00    1.028557750928e+00
 57   1.028557750928e+00    1.029458455101e+00
 58   1.029458455101e+00    1.030379366919e+00
 59   1.030379366919e+00    1.031320939750e+00
 60   1.031320939750e+00    1.032283637131e+00
 61   1.032283637131e+00    1.033267932999e+00
 62   1.033267932999e+00    1.034274311926e+00
 63   1.034274311926e+00    1.035303269352e+00
 64   1.035303269352e+00    1.036355311836e+00
 65   1.036355311836e+00    1.037430957299e+00
 66   1.037430957299e+00    1.038530735284e+00
 67   1.038530735284e+00    1.039655187212e+00
 68   1.039655187212e+00    1.040804866654e+00
 69   1.040804866654e+00    1.041980339598e+00
 70   1.041980339598e+00    1.043182184732e+00
 71   1.043182184732e+00    1.044410993725e+00
 72   1.044410993725e+00    1.045667371523e+00
 73   1.045667371523e+00    1.046951936642e+00
 74   1.046951936642e+00    1.048265321475e+00
 75   1.048265321475e+00    1.049608172605e+00
 76   1.049608172605e+00    1.050981151118e+00
 77   1.050981151118e+00    1.052384932935e+00
 78   1.052384932935e+00    1.053820209139e+00
 79   1.053820209139e+00    1.055287686319e+00
 80   1.055287686319e+00    1.056788086916e+00
 81   1.056788086916e+00    1.058322149580e+00
 82   1.058322149580e+00    1.059890629533e+00
 83   1.059890629533e+00    1.061494298939e+00
 84   1.061494298939e+00    1.063133947287e+00
 85   1.063133947287e+00    1.064810381780e+00
 86   1.064810381780e+00    1.066524427728e+00
 87   1.066524427728e+00    1.068276928959e+00
 88   1.068276928959e+00    1.070068748232e+00
 89   1.070068748232e+00    1.071900767662e+00
 90   1.071900767662e+00    1.073773889156e+00
 91   1.073773889156e+00    1.075689034854e+00
 92   1.075689034854e+00    1.077647147586e+00
 93   1.077647147586e+00    1.079649191333e+00
 94   1.079649191333e+00    1.081696151705e+00
 95   1.081696151705e+00    1.083789036423e+00
 96   1.083789036423e+00    1.085928875818e+00
 97   1.085928875818e+00    1.088116723337e+00
 98   1.088116723337e+00    1.090353656060e+00
 99   1.090353656060e+00    1.092640775232e+00
 100   1.092640775232e+00    1.094979206807e+00
 101   1.094979206807e+00    1.097370101997e+00
 102   1.097370101997e+00    1.099814637844e+00
 103   1.099814637844e+00    1.102314017797e+00
 104   1.102314017797e+00    1.104869472305e+00
 105   1.104869472305e+00    1.107482259421e+00
 106   1.107482259421e+00    1.110153665426e+00
 107   1.110153665426e+00    1.112885005456e+00
 108   1.112885005456e+00    1.115677624155e+00
 109   1.115677624155e+00    1.118532896333e+00
 110   1.118532896333e+00    1.121452227645e+00
 111   1.121452227645e+00    1.124437055283e+00
 112   1.124437055283e+00    1.127488848682e+00
 113   1.127488848682e+00    1.130609110244e+00
 114   1.130609110244e+00    1.133799376079e+00
 115   1.133799376079e+00    1.137061216761e+00
 116   1.137061216761e+00    1.140396238099e+00
 117   1.140396238099e+00    1.143806081928e+00
 118   1.143806081928e+00    1.147292426921e+00
 119   1.147292426921e+00    1.150856989410e+00
 120   1.150856989410e+00    1.154501524235e+00
 121   1.154501524235e+00    1.158227825607e+00
 122   1.158227825607e+00    1.162037727989e+00
 123   1.162037727989e+00    1.165933107003e+00
 124   1.165933107003e+00    1.169915880350e+00
 125   1.169915880350e+00    1.173988008755e+00
 126   1.173988008755e+00    1.178151496934e+00
 127   1.178151496934e+00    1.182408394578e+00
 128   1.182408394578e+00    1.186760797365e+00
 129   1.186760797365e+00    1.191210847989e+00
 130   1.191210847989e+00    1.195760737218e+00
 131   1.195760737218e+00    1.200412704970e+00
 132   1.200412704970e+00    1.205169041414e+00
 133   1.205169041414e+00    1.210032088104e+00
 134   1.210032088104e+00    1.215004239125e+00
 135   1.215004239125e+00    1.220087942275e+00
 136   1.220087942275e+00    1.225285700268e+00
 137   1.225285700268e+00    1.230600071969e+00
 138   1.230600071969e+00    1.236033673652e+00
 139   1.236033673652e+00    1.241589180287e+00
 140   1.241589180287e+00    1.247269326860e+00
 141   1.247269326860e+00    1.253076909715e+00
 142   1.253076909715e+00    1.259014787935e+00
 143   1.259014787935e+00    1.265085884745e+00
 144   1.265085884745e+00    1.271293188958e+00
 145   1.271293188958e+00    1.277639756438e+00
 146   1.277639756438e+00    1.284128711611e+00
 147   1.284128711611e+00    1.290763249000e+00
 148   1.290763249000e+00    1.297546634798e+00
 149   1.297546634798e+00    1.304482208476e+00
 150   1.304482208476e+00    1.311573384428e+00
 151   1.311573384428e+00    1.318823653652e+00
 152   1.318823653652e+00    1.326236585466e+00
 153   1.326236585466e+00    1.333815829268e+00
 154   1.333815829268e+00    1.341565116333e+00
 155   1.341565116333e+00    1.349488261646e+00
 156   1.349488261646e+00    1.357589165785e+00
 157   1.357589165785e+00    1.365871816837e+00
 158   1.365871816837e+00    1.374340292364e+00
 159   1.374340292364e+00    1.382998761411e+00
 160   1.382998761411e+00    1.391851486555e+00
 161   1.391851486555e+00    1.400902826007e+00
 162   1.400902826007e+00    1.410157235756e+00
 163   1.410157235756e+00    1.419619271762e+00
 164   1.419619271762e+00    1.429293592200e+00
 165   1.429293592200e+00    1.439184959754e+00
 166   1.439184959754e+00    1.449298243960e+00
 167   1.449298243960e+00    1.459638423603e+00
 168   1.459638423603e+00    1.470210589170e+00
 169   1.470210589170e+00    1.481019945355e+00
 170   1.481019945355e+00    1.492071813622e+00
 171   1.492071813622e+00    1.503371634821e+00
 172   1.503371634821e+00    1.514924971874e+00
 173   1.514924971874e+00    1.526737512506e+00
 174   1.526737512506e+00    1.538815072049e+00
 175   1.538815072049e+00    1.551163596306e+00
 176   1.551163596306e+00    1.563789164474e+00
 177   1.563789164474e+00    1.576697992141e+00
 178   1.576697992141e+00    1.589896434342e+00
 179   1.589896434342e+00    1.603390988691e+00
 180   1.603390988691e+00    1.617188298580e+00
 181   1.617188298580e+00    1.631295156446e+00
 182   1.631295156446e+00    1.645718507116e+00
 183   1.645718507116e+00    1.660465451230e+00
 184   1.660465451230e+00    1.675543248730e+00
 185   1.675543248730e+00    1.690959322442e+00
 186   1.690959322442e+00    1.706721261721e+00
 187   1.706721261721e+00    1.722836826196e+00
 188   1.722836826196e+00    1.739313949585e+00
 189   1.739313949585e+00    1.756160743601e+00
 190   1.756160743601e+00    1.773385501948e+00
 191   1.773385501948e+00    1.790996704402e+00
 192   1.790996704402e+00    1.809003020985e+00
 193   1.809003020985e+00    1.827413316235e+00
 194   1.827413316235e+00    1.846236653570e+00
 195   1.846236653570e+00    1.865482299749e+00
 196   1.865482299749e+00    1.885159729433e+00
 197   1.885159729433e+00    1.905278629852e+00
 198   1.905278629852e+00    1.925848905574e+00
 199   1.925848905574e+00    1.946880683376e+00
 200   1.946880683376e+00    1.968384317237e+00
 201   1.968384317237e+00    1.990370393429e+00
 202   1.990370393429e+00    2.012849735732e+00
 203   2.012849735732e+00    2.035833410763e+00
 204   2.035833410763e+00    2.059332733420e+00
 205   2.059332733420e+00    2.083359272458e+00
 206   2.083359272458e+00    2.107924856179e+00
 207   2.107924856179e+00    2.133041578259e+00
 208   2.133041578259e+00    2.158721803701e+00
 209   2.158721803701e+00    2.184978174919e+00
 210   2.184978174919e+00    2.211823617967e+00
 211   2.211823617967e+00    2.239271348898e+00
 212   2.239271348898e+00    2.267334880275e+00
 213   2.267334880275e+00    2.296028027817e+00
 214   2.296028027817e+00    2.325364917207e+00
 215   2.325364917207e+00    2.355359991042e+00
 216   2.355359991042e+00    2.386028015944e+00
 217   2.386028015944e+00    2.417384089830e+00
 218   2.417384089830e+00    2.449443649345e+00
 219   2.449443649345e+00    2.482222477460e+00
 220   2.482222477460e+00    2.515736711245e+00
 221   2.515736711245e+00    2.550002849810e+00
 222   2.550002849810e+00    2.585037762428e+00
 223   2.585037762428e+00    2.620858696843e+00
 224   2.620858696843e+00    2.657483287757e+00
 225   2.657483287757e+00    2.694929565515e+00
 226   2.694929565515e+00    2.733215964978e+00
 227   2.733215964978e+00    2.772361334600e+00
 228   2.772361334600e+00    2.812384945710e+00
 229   2.812384945710e+00    2.853306501994e+00
 230   2.853306501994e+00    2.895146149199e+00
 231   2.895146149199e+00    2.937924485050e+00
 232   2.937924485050e+00    2.981662569388e+00
 233   2.981662569388e+00    3.026381934542e+00
 234   3.026381934542e+00    3.072104595926e+00
 235   3.072104595926e+00    3.118853062879e+00
 236   3.118853062879e+00    3.166650349744e+00
 237   3.166650349744e+00    3.215519987201e+00
 238   3.215519987201e+00    3.265486033850e+00
 239   3.265486033850e+00    3.316573088055e+00
 240   3.316573088055e+00    3.368806300054e+00
 241   3.368806300054e+00    3.422211384338e+00
 242   3.422211384338e+00    3.476814632316e+00
 243   3.476814632316e+00    3.532642925253e+00
 244   3.532642925253e+00    3.589723747505e+00
 245   3.589723747505e+00    3.648085200051e+00
 246   3.648085200051e+00    3.707756014328e+00
 247   3.707756014328e+00    3.768765566370e+00
 248   3.768765566370e+00    3.831143891277e+00
 249   3.831143891277e+00    3.894921697997e+00
 250   3.894921697997e+00    3.960130384444e+00
 251   3.960130384444e+00    4.026802052959e+00
 252   4.026802052959e+00    4.094969526108e+00
 253   4.094969526108e+00    4.164666362847e+00
 254   4.164666362847e+00    4.235926875038e+00
 255   4.235926875038e+00    4.308786144345e+00
 256   4.308786144345e+00    4.383280039500e+00
 257   4.383280039500e+00    4.459445233965e+00
 258   4.459445233965e+00    4.537319223987e+00
 259   4.537319223987e+00    4.616940347054e+00
 260   4.616940347054e+00    4.698347800770e+00
 261   4.698347800770e+00    4.781581662154e+00
 262   4.781581662154e+00    4.866682907366e+00
 263   4.866682907366e+00    4.953693431885e+00
 264   4.953693431885e+00    5.042656071129e+00
 265   5.042656071129e+00    5.133614621546e+00
 266   5.133614621546e+00    5.226613862174e+00
 267   5.226613862174e+00    5.321699576686e+00
 268   5.321699576686e+00    5.418918575929e+00
 269   5.418918575929e+00    5.518318720971e+00
 270   5.518318720971e+00    5.619948946660e+00
 271   5.619948946660e+00    5.723859285717e+00
 272   5.723859285717e+00    5.830100893365e+00
 273   5.830100893365e+00    5.938726072517e+00
 274   5.938726072517e+00    6.049788299519e+00
 275   6.049788299519e+00    6.163342250481e+00
 276   6.163342250481e+00    6.279443828192e+00
 277   6.279443828192e+00    6.398150189643e+00
 278   6.398150189643e+00    6.519519774164e+00
 279   6.519519774164e+00    6.643612332191e+00
 280   6.643612332191e+00    6.770488954689e+00
 281   6.770488954689e+00    6.900212103217e+00
 282   6.900212103217e+00    7.032845640688e+00
 283   7.032845640688e+00    7.168454862802e+00
 284   7.168454862802e+00    7.307106530192e+00
 285   7.307106530192e+00    7.448868901293e+00
 286   7.448868901293e+00    7.593811765946e+00
 287   7.593811765946e+00    7.742006479751e+00
 288   7.742006479751e+00    7.893525999199e+00
 289   7.893525999199e+00    8.048444917590e+00
 290   8.048444917590e+00    8.206839501752e+00
 291   8.206839501752e+00    8.368787729590e+00
 292   8.368787729590e+00    8.534369328470e+00
 293   8.534369328470e+00    8.703665814477e+00
 294   8.703665814477e+00    8.876760532537e+00
 295   8.876760532537e+00    9.053738697455e+00
 296   9.053738697455e+00    9.234687435859e+00
 297   9.234687435859e+00    9.419695829101e+00
 298   9.419695829101e+00    9.608854957103e+00
 299   9.608854957103e+00    9.802257943204e+00
 300   9.802257943204e+00    1.000000000000e+01
20 
 1   0.000000000000e+00    1.570796326795e-01
 2   1.570796326795e-01    3.141592653590e-01
 3   3.141592653590e-01    4.712388980385e-01
 4   4.712388980385e-01    6.283185307180e-01
 5   6.283185307180e-01    7.853981633975e-01
 6   7.853981633975e-01    9.424777960770e-01
 7   9.424777960770e-01    1.099557428757e+00
 8   1.099557428756e+00    1.256637061436e+00
 9   1.256637061436e+00    1.413716694116e+00
 10   1.413716694116e+00    1.570796326795e+00
 11   1.570796326795e+00    1.727875959475e+00
 12   1.727875959475e+00    1.884955592154e+00
 13   1.884955592154e+00    2.042035224834e+00
 14   2.042035224834e+00    2.199114857513e+00
 15   2.199114857513e+00    2.356194490192e+00
 16   2.356194490193e+00    2.513274122872e+00
 17   2.513274122872e+00    2.670353755552e+00
 18   2.670353755552e+00    2.827433388231e+00
 19   2.827433388231e+00    2.984513020911e+00
 20   2.984513020911e+00    3.141592653590e+00
1 
 1   0.000000000000e+00    6.283185307200e+00
